<?xml version="1.0" encoding="UTF-8"?>
<testng-results total="1" passed="1" failed="0" skipped="0">
  <reporter-output>
  </reporter-output>
  <suite started-at="2019-07-04T05:26:00Z" name="Default suite" finished-at="2019-07-04T05:26:04Z" duration-ms="3859">
    <groups>
    </groups>
    <test started-at="2019-07-04T05:26:00Z" name="Default test" finished-at="2019-07-04T05:26:04Z" duration-ms="3859">
      <class name="example.SendSMS">
        <test-method signature="FailSMS()[pri:0, instance:example.SendSMS@6646153]" started-at="2019-07-04T10:56:00Z" name="FailSMS" finished-at="2019-07-04T10:56:04Z" duration-ms="3835" status="PASS">
          <reporter-output>
          </reporter-output>
        </test-method> <!-- FailSMS -->
      </class> <!-- example.SendSMS -->
    </test> <!-- Default test -->
  </suite> <!-- Default suite -->
</testng-results>
