<?xml version="1.0" encoding="UTF-8"?>
<!-- Generated by org.testng.reporters.JUnitXMLReporter -->
<testsuite hostname="LAPTOP-SJ8DN68H" failures="0" tests="14" name="Default test" time="31.319" errors="0" timestamp="25 Jul 2019 10:40:39 GMT">
  <testcase classname="example.NewTest" name="testEasy" time="6.305"/>
  <testcase classname="example.NewTest" name="DekstopIpOne" time="7.102"/>
  <testcase classname="example.NewTest" name="DekstopIpTwo" time="3.465"/>
  <testcase classname="example.NewTest" name="DekstopIpThree" time="5.074"/>
  <testcase classname="example.NewTest" name="APIIpOne" time="0.37"/>
  <testcase classname="example.NewTest" name="APIIpTwo" time="0.364"/>
  <testcase classname="example.NewTest" name="LBIpOne" time="3.333"/>
  <testcase classname="example.NewTest" name="LBIptwo" time="0.403"/>
  <testcase classname="example.NewTest" name="CDNIP" time="0.092"/>
  <testcase classname="example.NewTest" name="ES1" time="0.533"/>
  <testcase classname="example.NewTest" name="ES2" time="0.285"/>
  <testcase classname="example.NewTest" name="ES3" time="0.243"/>
  <testcase classname="example.NewTest" name="ES4" time="0.27"/>
  <testcase classname="example.NewTest" name="ES5" time="0.282"/>
</testsuite> <!-- Default test -->
