<?xml version="1.0" encoding="UTF-8"?>
<!-- Generated by org.testng.reporters.JUnitXMLReporter -->
<testsuite hostname="LAPTOP-SJ8DN68H" failures="0" tests="9" name="Default test" time="38.952" errors="0" timestamp="9 Jul 2019 09:23:33 GMT">
  <testcase classname="example.NewTest" name="testEasy" time="11.25"/>
  <testcase classname="example.NewTest" name="DekstopIpOne" time="4.996"/>
  <testcase classname="example.NewTest" name="DekstopIpTwo" time="8.023"/>
  <testcase classname="example.NewTest" name="DekstopIpThree" time="4.03"/>
  <testcase classname="example.NewTest" name="APIIpOne" time="0.816"/>
  <testcase classname="example.NewTest" name="APIIpTwo" time="0.524"/>
  <testcase classname="example.NewTest" name="LBIpOne" time="4.145"/>
  <testcase classname="example.NewTest" name="LBIptwo" time="0.902"/>
  <testcase classname="example.NewTest" name="CDNIP" time="0.554"/>
</testsuite> <!-- Default test -->
